<?xml version="1.0" encoding="UTF-8"?>
<testng-results skipped="0" failed="0" total="1" passed="1">
  <reporter-output>
  </reporter-output>
  <suite name="Suite" duration-ms="23" started-at="2019-06-27T04:50:47Z" finished-at="2019-06-27T04:50:47Z">
    <groups>
    </groups>
    <test name="Test" duration-ms="23" started-at="2019-06-27T04:50:47Z" finished-at="2019-06-27T04:50:47Z">
      <class name="MavenDemo.Demo.SeleniumTest">
        <test-method status="PASS" signature="loginTest()[pri:0, instance:MavenDemo.Demo.SeleniumTest@2a5ca609]" name="loginTest" duration-ms="9" started-at="2019-06-26T23:50:47Z" finished-at="2019-06-26T23:50:47Z">
          <reporter-output>
          </reporter-output>
        </test-method> <!-- loginTest -->
      </class> <!-- MavenDemo.Demo.SeleniumTest -->
    </test> <!-- Test -->
  </suite> <!-- Suite -->
</testng-results>
